2024-03-15T11:43:56.062+03:00  INFO 17492 --- [main] c.e.s.SpringStarterDemoApplication       : Starting SpringStarterDemoApplication using Java 17.0.10 with PID 17492 (C:\Users\Dmitr\IdeaProjects\spring-sterter-demo\target\classes started by user in C:\Users\Dmitr\IdeaProjects\spring-sterter-demo)
2024-03-15T11:43:56.064+03:00  INFO 17492 --- [main] c.e.s.SpringStarterDemoApplication       : The following 1 profile is active: "employee"
2024-03-15T11:43:56.646+03:00  INFO 17492 --- [main] o.s.b.w.embedded.tomcat.TomcatWebServer  : Tomcat initialized with port 8080 (http)
2024-03-15T11:43:56.653+03:00  INFO 17492 --- [main] o.apache.catalina.core.StandardService   : Starting service [Tomcat]
2024-03-15T11:43:56.653+03:00  INFO 17492 --- [main] o.apache.catalina.core.StandardEngine    : Starting Servlet engine: [Apache Tomcat/10.1.19]
2024-03-15T11:43:56.716+03:00  INFO 17492 --- [main] o.a.c.c.C.[Tomcat].[localhost].[/]       : Initializing Spring embedded WebApplicationContext
2024-03-15T11:43:56.716+03:00  INFO 17492 --- [main] w.s.c.ServletWebServerApplicationContext : Root WebApplicationContext: initialization completed in 615 ms
2024-03-15T11:43:56.761+03:00  INFO 17492 --- [main] c.e.s.service.EmployeeService            : EmployeeService postConstruct...
2024-03-15T11:43:56.977+03:00  INFO 17492 --- [main] o.s.b.w.embedded.tomcat.TomcatWebServer  : Tomcat started on port 8080 (http) with context path ''
2024-03-15T11:43:56.983+03:00  INFO 17492 --- [main] c.e.s.SpringStarterDemoApplication       : Started SpringStarterDemoApplication in 1.263 seconds (process running for 1.647)
2024-03-15T11:44:20.331+03:00  INFO 17492 --- [http-nio-8080-exec-2] o.a.c.c.C.[Tomcat].[localhost].[/]       : Initializing Spring DispatcherServlet 'dispatcherServlet'
2024-03-15T11:44:20.332+03:00  INFO 17492 --- [http-nio-8080-exec-2] o.s.web.servlet.DispatcherServlet        : Initializing Servlet 'dispatcherServlet'
2024-03-15T11:44:20.333+03:00  INFO 17492 --- [http-nio-8080-exec-2] o.s.web.servlet.DispatcherServlet        : Completed initialization in 1 ms
2024-03-15T11:44:20.494+03:00  INFO 17492 --- [http-nio-8080-exec-2] c.e.s.events_listeners.MyEventListener   : MyEventListener -> AccessType: READ, Some event occurred: MyEntityEvent(super=com.example.springsterterdemo.events_listeners.MyEntityEvent[source=EmployeeDTO(userName=avraam, firstName=avraam, lastName=avraam)], accessType=READ)
2024-03-15T11:44:20.499+03:00  INFO 17492 --- [http-nio-8080-exec-2] c.e.s.e.MyEventListener_2                : MyEventListener_2 -> AccessType: READ, Some event occurred: MyEntityEvent(super=com.example.springsterterdemo.events_listeners.MyEntityEvent[source=EmployeeDTO(userName=avraam, firstName=avraam, lastName=avraam)], accessType=READ)
2024-03-15T11:46:04.287+03:00  INFO 17492 --- [SpringApplicationShutdownHook] c.e.s.service.EmployeeService            : EmployeeService preDestroy...
2024-03-15T11:50:18.223+03:00  WARN 9624 --- [http-nio-8080-exec-4] c.e.s.events_listeners.MyEventListener   : MyEventListener -> AccessType: READ, Some event occurred: MyEntityEvent(super=com.example.springsterterdemo.events_listeners.MyEntityEvent[source=EmployeeDTO(userName=avraam, firstName=avraam, lastName=avraam)], accessType=READ)
2024-03-15T12:02:53.977+03:00  INFO 12812 --- [main] c.e.s.SpringStarterDemoApplication       : Starting SpringStarterDemoApplication using Java 17.0.10 with PID 12812 (C:\Users\Dmitr\IdeaProjects\spring-sterter-demo\target\classes started by user in C:\Users\Dmitr\IdeaProjects\spring-sterter-demo)
2024-03-15T12:02:53.979+03:00  INFO 12812 --- [main] c.e.s.SpringStarterDemoApplication       : The following 1 profile is active: "employee"
2024-03-15T12:02:54.564+03:00  INFO 12812 --- [main] o.s.b.w.embedded.tomcat.TomcatWebServer  : Tomcat initialized with port 8080 (http)
2024-03-15T12:02:54.571+03:00  INFO 12812 --- [main] o.apache.catalina.core.StandardService   : Starting service [Tomcat]
2024-03-15T12:02:54.571+03:00  INFO 12812 --- [main] o.apache.catalina.core.StandardEngine    : Starting Servlet engine: [Apache Tomcat/10.1.19]
2024-03-15T12:02:54.601+03:00  INFO 12812 --- [main] o.a.c.c.C.[Tomcat].[localhost].[/]       : Initializing Spring embedded WebApplicationContext
2024-03-15T12:02:54.601+03:00  INFO 12812 --- [main] w.s.c.ServletWebServerApplicationContext : Root WebApplicationContext: initialization completed in 587 ms
2024-03-15T12:02:54.651+03:00  INFO 12812 --- [main] c.e.s.service.EmployeeService            : EmployeeService postConstruct...
2024-03-15T12:02:54.858+03:00  INFO 12812 --- [main] o.s.b.w.embedded.tomcat.TomcatWebServer  : Tomcat started on port 8080 (http) with context path ''
2024-03-15T12:02:54.864+03:00  INFO 12812 --- [main] c.e.s.SpringStarterDemoApplication       : Started SpringStarterDemoApplication in 1.193 seconds (process running for 1.558)
2024-03-15T12:02:58.984+03:00  INFO 12812 --- [http-nio-8080-exec-3] o.a.c.c.C.[Tomcat].[localhost].[/]       : Initializing Spring DispatcherServlet 'dispatcherServlet'
2024-03-15T12:02:58.986+03:00  INFO 12812 --- [http-nio-8080-exec-3] o.s.web.servlet.DispatcherServlet        : Initializing Servlet 'dispatcherServlet'
2024-03-15T12:02:58.987+03:00  INFO 12812 --- [http-nio-8080-exec-3] o.s.web.servlet.DispatcherServlet        : Completed initialization in 0 ms
2024-03-15T12:02:59.047+03:00  WARN 12812 --- [http-nio-8080-exec-3] c.e.s.events_listeners.MyEventListener   : MyEventListener -> AccessType: READ, Some event occurred: MyEntityEvent(super=com.example.springsterterdemo.events_listeners.MyEntityEvent[source=EmployeeDTO(userName=avraam, firstName=avraam, lastName=avraam)], accessType=READ)
2024-03-15T12:02:59.048+03:00  INFO 12812 --- [http-nio-8080-exec-3] c.e.s.e.MyEventListener_2                : MyEventListener_2 -> AccessType: READ, Some event occurred: MyEntityEvent(super=com.example.springsterterdemo.events_listeners.MyEntityEvent[source=EmployeeDTO(userName=avraam, firstName=avraam, lastName=avraam)], accessType=READ)
2024-03-15T12:03:21.205+03:00  INFO 12812 --- [SpringApplicationShutdownHook] c.e.s.service.EmployeeService            : EmployeeService preDestroy...
